
  .   ____          _            __ _ _
 /\\ / ___'_ __ _ _(_)_ __  __ _ \ \ \ \
( ( )\___ | '_ | '_| | '_ \/ _` | \ \ \ \
 \\/  ___)| |_)| | | | | || (_| |  ) ) ) )
  '  |____| .__|_| |_|_| |_\__, | / / / /
 =========|_|==============|___/=/_/_/_/

 :: Spring Boot ::                (v3.3.4)

2024-10-16T17:41:00.759+09:00  INFO 357818 --- [greeting] [           main] s.samdul.greeting.GreetingApplication    : Starting GreetingApplication v0.0.1-SNAPSHOT using Java 17.0.12 with PID 357818 (/home/tommy/code/java/greeting/build/libs/greeting-0.0.1-SNAPSHOT.jar started by tommy in /home/tommy/code/java/greeting)
2024-10-16T17:41:00.764+09:00  INFO 357818 --- [greeting] [           main] s.samdul.greeting.GreetingApplication    : No active profile set, falling back to 1 default profile: "default"
2024-10-16T17:41:01.871+09:00  INFO 357818 --- [greeting] [           main] o.s.b.w.embedded.tomcat.TomcatWebServer  : Tomcat initialized with port 8080 (http)
2024-10-16T17:41:01.887+09:00  INFO 357818 --- [greeting] [           main] o.apache.catalina.core.StandardService   : Starting service [Tomcat]
2024-10-16T17:41:01.888+09:00  INFO 357818 --- [greeting] [           main] o.apache.catalina.core.StandardEngine    : Starting Servlet engine: [Apache Tomcat/10.1.30]
2024-10-16T17:41:01.938+09:00  INFO 357818 --- [greeting] [           main] o.a.c.c.C.[Tomcat].[localhost].[/]       : Initializing Spring embedded WebApplicationContext
2024-10-16T17:41:01.940+09:00  INFO 357818 --- [greeting] [           main] w.s.c.ServletWebServerApplicationContext : Root WebApplicationContext: initialization completed in 1116 ms
2024-10-16T17:41:02.067+09:00  INFO 357818 --- [greeting] [           main] o.s.b.a.w.s.WelcomePageHandlerMapping    : Adding welcome page: class path resource [static/index.html]
2024-10-16T17:41:02.355+09:00  WARN 357818 --- [greeting] [           main] ConfigServletWebServerApplicationContext : Exception encountered during context initialization - cancelling refresh attempt: org.springframework.context.ApplicationContextException: Failed to start bean 'webServerStartStop'
2024-10-16T17:41:02.368+09:00  INFO 357818 --- [greeting] [           main] .s.b.a.l.ConditionEvaluationReportLogger : 

Error starting ApplicationContext. To display the condition evaluation report re-run your application with 'debug' enabled.
2024-10-16T17:41:02.389+09:00 ERROR 357818 --- [greeting] [           main] o.s.b.d.LoggingFailureAnalysisReporter   : 

***************************
APPLICATION FAILED TO START
***************************

Description:

Web server failed to start. Port 8080 was already in use.

Action:

Identify and stop the process that's listening on port 8080 or configure this application to listen on another port.


  .   ____          _            __ _ _
 /\\ / ___'_ __ _ _(_)_ __  __ _ \ \ \ \
( ( )\___ | '_ | '_| | '_ \/ _` | \ \ \ \
 \\/  ___)| |_)| | | | | || (_| |  ) ) ) )
  '  |____| .__|_| |_|_| |_\__, | / / / /
 =========|_|==============|___/=/_/_/_/

 :: Spring Boot ::                (v3.3.4)

2024-10-16T17:41:32.564+09:00  INFO 358504 --- [greeting] [           main] s.samdul.greeting.GreetingApplication    : Starting GreetingApplication v0.0.1-SNAPSHOT using Java 17.0.12 with PID 358504 (/home/tommy/code/java/greeting/build/libs/greeting-0.0.1-SNAPSHOT.jar started by tommy in /home/tommy/code/java/greeting)
2024-10-16T17:41:32.568+09:00  INFO 358504 --- [greeting] [           main] s.samdul.greeting.GreetingApplication    : No active profile set, falling back to 1 default profile: "default"
2024-10-16T17:41:33.498+09:00  INFO 358504 --- [greeting] [           main] o.s.b.w.embedded.tomcat.TomcatWebServer  : Tomcat initialized with port 8080 (http)
2024-10-16T17:41:33.512+09:00  INFO 358504 --- [greeting] [           main] o.apache.catalina.core.StandardService   : Starting service [Tomcat]
2024-10-16T17:41:33.513+09:00  INFO 358504 --- [greeting] [           main] o.apache.catalina.core.StandardEngine    : Starting Servlet engine: [Apache Tomcat/10.1.30]
2024-10-16T17:41:33.548+09:00  INFO 358504 --- [greeting] [           main] o.a.c.c.C.[Tomcat].[localhost].[/]       : Initializing Spring embedded WebApplicationContext
2024-10-16T17:41:33.553+09:00  INFO 358504 --- [greeting] [           main] w.s.c.ServletWebServerApplicationContext : Root WebApplicationContext: initialization completed in 927 ms
